2021-03-22 15:25 - zoomRegEx - INFO - ~~~~~~~~~~~~

2021-03-22 15:25 - zoomRegEx - WARNING - No match found.
2021-03-22 15:25 - zoomRegEx - WARNING - No match found.
2021-03-22 15:30 - zoomRegEx - INFO - ~~~~~~~~~~~~

2021-03-22 15:30 - zoomRegEx - INFO - ~~~~~~~~~~~~

2021-03-22 15:30 - zoomRegEx - WARNING - No match found.
2021-03-22 15:30 - zoomRegEx - WARNING - No match found.
2021-03-22 15:42 - zoomRegEx - INFO - ~~~~~~~~~~~~

2021-03-22 15:43 - zoomRegEx - WARNING - No match found.
2021-03-22 15:43 - zoomRegEx - WARNING - No match found.
2021-03-22 16:29 - zoomRegEx - INFO - ~~~~~~~~~~~~

2021-03-22 16:37 - zoomRegEx - INFO - ~~~~~~~~~~~~

2021-03-22 16:39 - zoomRegEx - INFO - ~~~~~~~~~~~~

2021-03-22 16:39 - zoomRegEx - INFO - ~~~~~~~~~~~~

2021-03-22 16:39 - zoomRegEx - INFO - ~~~~~~~~~~~~

2021-03-22 16:40 - zoomRegEx - INFO - ~~~~~~~~~~~~

2021-03-22 16:41 - zoomRegEx - INFO - ~~~~~~~~~~~~

2021-03-22 16:41 - zoomRegEx - INFO - No match found.
2021-03-22 16:41 - zoomRegEx - INFO - No match found.
2021-03-22 16:42 - zoomRegEx - INFO - ~~~~~~~~~~~~

2021-03-22 16:44 - zoomRegEx - INFO - ~~~~~~~~~~~~

2021-03-22 16:50 - zoomRegEx - INFO - ~~~~~~~~~~~~

2021-03-22 16:50 - zoomRegEx - INFO - No match found.
2021-03-22 16:50 - zoomRegEx - INFO - No match found.
2021-03-22 16:51 - zoomRegEx - INFO - ~~~~~~~~~~~~

2021-03-22 16:53 - zoomRegEx - INFO - ~~~~~~~~~~~~

2021-03-22 16:54 - zoomRegEx - INFO - No match found.
2021-03-22 16:54 - zoomRegEx - INFO - No match found.
2021-03-22 16:55 - zoomRegEx - INFO - ~~~~~~~~~~~~

2021-03-22 16:55 - zoomRegEx - INFO - No match found.
2021-03-22 16:55 - zoomRegEx - INFO - No match found.
2021-03-22 16:56 - zoomRegEx - INFO - ~~~~~~~~~~~~

2021-03-22 17:49 - zoomRegEx - INFO - ~~~~~~~~~~~~

2021-03-22 17:49 - zoomRegEx - INFO - No match found.
2021-03-22 17:49 - zoomRegEx - INFO - No match found.
2021-03-22 17:50 - zoomRegEx - INFO - ~~~~~~~~~~~~

2021-03-22 17:51 - zoomRegEx - INFO - ~~~~~~~~~~~~

2021-03-22 17:51 - zoomRegEx - INFO - No match found.
2021-03-22 17:51 - zoomRegEx - INFO - No match found.
2021-03-22 17:55 - zoomRegEx - INFO - ~~~~~~~~~~~~

2021-03-22 17:56 - zoomRegEx - INFO - No match found.
2021-03-22 17:56 - zoomRegEx - INFO - No match found.
2021-03-22 17:57 - zoomRegEx - INFO - ~~~~~~~~~~~~

2021-03-22 17:58 - zoomRegEx - INFO - ~~~~~~~~~~~~

2021-03-22 17:59 - zoomRegEx - INFO - ~~~~~~~~~~~~

2021-03-22 18:02 - zoomRegEx - INFO - ~~~~~~~~~~~~

2021-03-22 18:02 - zoomRegEx - INFO - Tk exception caught: User chose not to open file.
2021-03-22 18:02 - zoomRegEx - INFO - Tk exception caught: User chose not to save file.
2021-03-22 18:07 - zoomRegEx - INFO - 
~~~~~~~~~~~~
2021-03-22 18:10 - zoomRegEx - INFO - No match found.
2021-03-22 18:10 - zoomRegEx - INFO - No match found.
2021-03-22 18:31 - zoomRegEx - INFO - 
~~~~~~~~~~~~
2021-03-22 18:31 - zoomRegEx - INFO - No match found.
2021-03-22 18:31 - zoomRegEx - INFO - No match found.
